listening on 3002
{ Error: connect ETIMEDOUT 18.188.153.80:5432
    at Object.exports._errnoException (util.js:1020:11)
    at exports._exceptionWithHostPort (util.js:1043:20)
    at TCPConnectWrap.afterConnect [as oncomplete] (net.js:1099:14)
  code: 'ETIMEDOUT',
  errno: 'ETIMEDOUT',
  syscall: 'connect',
  address: '18.188.153.80',
  port: 5432 }
(node:9977) UnhandledPromiseRejectionWarning: Unhandled promise rejection (rejection id: 1): TypeError: res.statusCode is not a function
{ Error: connect ETIMEDOUT 18.188.153.80:5432
    at Object.exports._errnoException (util.js:1020:11)
    at exports._exceptionWithHostPort (util.js:1043:20)
    at TCPConnectWrap.afterConnect [as oncomplete] (net.js:1099:14)
  code: 'ETIMEDOUT',
  errno: 'ETIMEDOUT',
  syscall: 'connect',
  address: '18.188.153.80',
  port: 5432 }
(node:9977) UnhandledPromiseRejectionWarning: Unhandled promise rejection (rejection id: 2): TypeError: res.statusCode is not a function
{ Error: connect ETIMEDOUT 18.188.153.80:5432
    at Object.exports._errnoException (util.js:1020:11)
    at exports._exceptionWithHostPort (util.js:1043:20)
    at TCPConnectWrap.afterConnect [as oncomplete] (net.js:1099:14)
  code: 'ETIMEDOUT',
  errno: 'ETIMEDOUT',
  syscall: 'connect',
  address: '18.188.153.80',
  port: 5432 }
(node:9977) UnhandledPromiseRejectionWarning: Unhandled promise rejection (rejection id: 3): TypeError: res.statusCode is not a function
{ Error: connect ETIMEDOUT 18.188.153.80:5432
    at Object.exports._errnoException (util.js:1020:11)
    at exports._exceptionWithHostPort (util.js:1043:20)
    at TCPConnectWrap.afterConnect [as oncomplete] (net.js:1099:14)
  code: 'ETIMEDOUT',
  errno: 'ETIMEDOUT',
  syscall: 'connect',
  address: '18.188.153.80',
  port: 5432 }
(node:9977) UnhandledPromiseRejectionWarning: Unhandled promise rejection (rejection id: 4): TypeError: res.statusCode is not a function
listening on 3002
